<?xml version="1.0" encoding="UTF-8"?>
<coverage generated="1677482381">
  <project timestamp="1677482381">
    <file name="/home/runner/work/byte-buffer/byte-buffer/src/ByteBuffer.php">
      <class name="Oct8pus\ByteBuffer\ByteBuffer" namespace="global">
        <metrics complexity="79" methods="33" coveredmethods="30" conditionals="0" coveredconditionals="0" statements="147" coveredstatements="144" elements="180" coveredelements="174"/>
      </class>
      <line num="34" type="method" name="__construct" visibility="public" complexity="1" crap="1" count="21"/>
      <line num="36" type="stmt" count="21"/>
      <line num="37" type="stmt" count="21"/>
      <line num="38" type="stmt" count="21"/>
      <line num="46" type="method" name="__toString" visibility="public" complexity="11" crap="11" count="1"/>
      <line num="48" type="stmt" count="1"/>
      <line num="50" type="stmt" count="1"/>
      <line num="52" type="stmt" count="1"/>
      <line num="53" type="stmt" count="1"/>
      <line num="56" type="stmt" count="1"/>
      <line num="57" type="stmt" count="1"/>
      <line num="59" type="stmt" count="1"/>
      <line num="60" type="stmt" count="1"/>
      <line num="61" type="stmt" count="1"/>
      <line num="64" type="stmt" count="1"/>
      <line num="65" type="stmt" count="1"/>
      <line num="67" type="stmt" count="1"/>
      <line num="68" type="stmt" count="1"/>
      <line num="71" type="stmt" count="1"/>
      <line num="73" type="stmt" count="1"/>
      <line num="75" type="stmt" count="1"/>
      <line num="78" type="stmt" count="1"/>
      <line num="79" type="stmt" count="1"/>
      <line num="80" type="stmt" count="1"/>
      <line num="82" type="stmt" count="1"/>
      <line num="86" type="stmt" count="1"/>
      <line num="94" type="method" name="endian" visibility="public" complexity="1" crap="1" count="2"/>
      <line num="96" type="stmt" count="2"/>
      <line num="99" type="method" name="setEndian" visibility="public" complexity="1" crap="1" count="20"/>
      <line num="101" type="stmt" count="20"/>
      <line num="102" type="stmt" count="20"/>
      <line num="110" type="method" name="length" visibility="public" complexity="1" crap="1" count="17"/>
      <line num="112" type="stmt" count="17"/>
      <line num="120" type="method" name="truncate" visibility="public" complexity="1" crap="1" count="3"/>
      <line num="122" type="stmt" count="3"/>
      <line num="123" type="stmt" count="3"/>
      <line num="125" type="stmt" count="3"/>
      <line num="133" type="method" name="position" visibility="public" complexity="1" crap="1" count="4"/>
      <line num="135" type="stmt" count="4"/>
      <line num="146" type="method" name="seek" visibility="public" complexity="7" crap="7.02" count="8"/>
      <line num="149" type="stmt" count="8"/>
      <line num="150" type="stmt" count="8"/>
      <line num="151" type="stmt" count="8"/>
      <line num="153" type="stmt" count="4"/>
      <line num="154" type="stmt" count="4"/>
      <line num="155" type="stmt" count="4"/>
      <line num="157" type="stmt" count="4"/>
      <line num="158" type="stmt" count="4"/>
      <line num="159" type="stmt" count="4"/>
      <line num="162" type="stmt" count="0"/>
      <line num="165" type="stmt" count="8"/>
      <line num="166" type="stmt" count="1"/>
      <line num="169" type="stmt" count="8"/>
      <line num="171" type="stmt" count="8"/>
      <line num="179" type="method" name="string" visibility="public" complexity="1" crap="1" count="1"/>
      <line num="181" type="stmt" count="1"/>
      <line num="191" type="method" name="read" visibility="public" complexity="3" crap="3" count="7"/>
      <line num="193" type="stmt" count="7"/>
      <line num="194" type="stmt" count="1"/>
      <line num="197" type="stmt" count="7"/>
      <line num="199" type="stmt" count="7"/>
      <line num="201" type="stmt" count="7"/>
      <line num="204" type="method" name="readByte" visibility="public" complexity="1" crap="1" count="3"/>
      <line num="206" type="stmt" count="3"/>
      <line num="208" type="stmt" count="3"/>
      <line num="211" type="method" name="readWord" visibility="public" complexity="4" crap="4.07" count="4"/>
      <line num="213" type="stmt" count="4"/>
      <line num="214" type="stmt" count="1"/>
      <line num="217" type="stmt" count="3"/>
      <line num="219" type="stmt" count="3"/>
      <line num="220" type="stmt" count="0"/>
      <line num="223" type="stmt" count="3"/>
      <line num="226" type="method" name="readDword" visibility="public" complexity="4" crap="4.07" count="5"/>
      <line num="228" type="stmt" count="5"/>
      <line num="229" type="stmt" count="1"/>
      <line num="232" type="stmt" count="4"/>
      <line num="234" type="stmt" count="4"/>
      <line num="235" type="stmt" count="0"/>
      <line num="238" type="stmt" count="4"/>
      <line num="241" type="method" name="readChars" visibility="public" complexity="1" crap="1" count="6"/>
      <line num="243" type="stmt" count="6"/>
      <line num="246" type="method" name="readString" visibility="public" complexity="3" crap="3" count="4"/>
      <line num="248" type="stmt" count="4"/>
      <line num="250" type="stmt" count="4"/>
      <line num="251" type="stmt" count="4"/>
      <line num="253" type="stmt" count="4"/>
      <line num="254" type="stmt" count="3"/>
      <line num="257" type="stmt" count="4"/>
      <line num="272" type="method" name="writeByte" visibility="public" complexity="2" crap="2" count="3"/>
      <line num="274" type="stmt" count="3"/>
      <line num="277" type="stmt" count="3"/>
      <line num="278" type="stmt" count="2"/>
      <line num="280" type="stmt" count="3"/>
      <line num="283" type="stmt" count="3"/>
      <line num="285" type="stmt" count="3"/>
      <line num="288" type="method" name="writeWord" visibility="public" complexity="4" crap="4" count="4"/>
      <line num="290" type="stmt" count="4"/>
      <line num="291" type="stmt" count="1"/>
      <line num="294" type="stmt" count="3"/>
      <line num="298" type="stmt" count="3"/>
      <line num="299" type="stmt" count="2"/>
      <line num="301" type="stmt" count="3"/>
      <line num="304" type="stmt" count="3"/>
      <line num="306" type="stmt" count="3"/>
      <line num="309" type="method" name="writeDword" visibility="public" complexity="4" crap="4" count="5"/>
      <line num="311" type="stmt" count="5"/>
      <line num="312" type="stmt" count="1"/>
      <line num="315" type="stmt" count="4"/>
      <line num="321" type="stmt" count="4"/>
      <line num="322" type="stmt" count="3"/>
      <line num="324" type="stmt" count="3"/>
      <line num="327" type="stmt" count="4"/>
      <line num="329" type="stmt" count="4"/>
      <line num="332" type="method" name="writeChars" visibility="public" complexity="2" crap="2" count="17"/>
      <line num="334" type="stmt" count="17"/>
      <line num="335" type="stmt" count="16"/>
      <line num="337" type="stmt" count="1"/>
      <line num="340" type="stmt" count="17"/>
      <line num="342" type="stmt" count="17"/>
      <line num="345" type="method" name="writeString" visibility="public" complexity="2" crap="2" count="3"/>
      <line num="347" type="stmt" count="3"/>
      <line num="349" type="stmt" count="3"/>
      <line num="350" type="stmt" count="2"/>
      <line num="352" type="stmt" count="1"/>
      <line num="355" type="stmt" count="3"/>
      <line num="357" type="stmt" count="3"/>
      <line num="368" type="method" name="delete" visibility="public" complexity="1" crap="1" count="1"/>
      <line num="370" type="stmt" count="1"/>
      <line num="371" type="stmt" count="1"/>
      <line num="382" type="method" name="copy" visibility="public" complexity="1" crap="1" count="1"/>
      <line num="384" type="stmt" count="1"/>
      <line num="385" type="stmt" count="1"/>
      <line num="386" type="stmt" count="1"/>
      <line num="387" type="stmt" count="1"/>
      <line num="397" type="method" name="insertByte" visibility="public" complexity="1" crap="1" count="1"/>
      <line num="399" type="stmt" count="1"/>
      <line num="400" type="stmt" count="1"/>
      <line num="410" type="method" name="insertWord" visibility="public" complexity="1" crap="1" count="1"/>
      <line num="412" type="stmt" count="1"/>
      <line num="413" type="stmt" count="1"/>
      <line num="423" type="method" name="insertDword" visibility="public" complexity="1" crap="1" count="1"/>
      <line num="425" type="stmt" count="1"/>
      <line num="426" type="stmt" count="1"/>
      <line num="436" type="method" name="insertChars" visibility="public" complexity="1" crap="1" count="1"/>
      <line num="438" type="stmt" count="1"/>
      <line num="439" type="stmt" count="1"/>
      <line num="449" type="method" name="insertString" visibility="public" complexity="1" crap="1" count="1"/>
      <line num="451" type="stmt" count="1"/>
      <line num="452" type="stmt" count="1"/>
      <line num="460" type="method" name="invert" visibility="public" complexity="2" crap="2" count="1"/>
      <line num="462" type="stmt" count="1"/>
      <line num="464" type="stmt" count="1"/>
      <line num="466" type="stmt" count="1"/>
      <line num="467" type="stmt" count="1"/>
      <line num="468" type="stmt" count="1"/>
      <line num="469" type="stmt" count="1"/>
      <line num="472" type="stmt" count="1"/>
      <line num="482" type="method" name="crc32b" visibility="public" complexity="2" crap="2" count="1"/>
      <line num="484" type="stmt" count="1"/>
      <line num="486" type="stmt" count="1"/>
      <line num="489" type="method" name="offsetGet" visibility="public" complexity="4" crap="4" count="3"/>
      <line num="491" type="stmt" count="3"/>
      <line num="492" type="stmt" count="1"/>
      <line num="495" type="stmt" count="2"/>
      <line num="496" type="stmt" count="1"/>
      <line num="499" type="stmt" count="1"/>
      <line num="502" type="method" name="offsetSet" visibility="public" complexity="4" crap="4" count="3"/>
      <line num="504" type="stmt" count="3"/>
      <line num="505" type="stmt" count="1"/>
      <line num="508" type="stmt" count="2"/>
      <line num="509" type="stmt" count="1"/>
      <line num="512" type="stmt" count="1"/>
      <line num="515" type="method" name="offsetExists" visibility="public" complexity="4" crap="4" count="1"/>
      <line num="517" type="stmt" count="1"/>
      <line num="518" type="stmt" count="1"/>
      <line num="521" type="stmt" count="1"/>
      <line num="522" type="stmt" count="1"/>
      <line num="525" type="stmt" count="1"/>
      <line num="528" type="method" name="offsetUnset" visibility="public" complexity="1" crap="1" count="1"/>
      <line num="530" type="stmt" count="1"/>
      <metrics loc="534" ncloc="406" classes="1" methods="33" coveredmethods="30" conditionals="0" coveredconditionals="0" statements="147" coveredstatements="144" elements="180" coveredelements="174"/>
    </file>
    <file name="/home/runner/work/byte-buffer/byte-buffer/src/ByteBufferException.php">
      <class name="Oct8pus\ByteBuffer\ByteBufferException" namespace="global">
        <metrics complexity="0" methods="0" coveredmethods="0" conditionals="0" coveredconditionals="0" statements="0" coveredstatements="0" elements="0" coveredelements="0"/>
      </class>
      <metrics loc="9" ncloc="9" classes="0" methods="0" coveredmethods="0" conditionals="0" coveredconditionals="0" statements="0" coveredstatements="0" elements="0" coveredelements="0"/>
    </file>
    <metrics files="2" loc="543" ncloc="415" classes="1" methods="33" coveredmethods="30" conditionals="0" coveredconditionals="0" statements="147" coveredstatements="144" elements="180" coveredelements="174"/>
  </project>
</coverage>
